
> deploy@0.1.0 frontend /mnt/d/r2/deploy2
> react-app-rewired start

The following changes are being made to your tsconfig.json file:
  - compilerOptions.baseUrl must not be set (absolute imports are not supported (yet))
  - compilerOptions.paths must not be set (aliased imports are not supported)

[HPM] Proxy created: /ws  ->  ws://127.0.0.1:8080
Starting the development server...

Compiled successfully!

You can now view deploy in the browser.

  http://localhost:3000/

Note that the development build is not optimized.
To create a production build, use yarn build.


> deploy@0.1.0 frontend /mnt/d/r2/deploy2
> react-app-rewired start

The following changes are being made to your tsconfig.json file:
  - compilerOptions.baseUrl must not be set (absolute imports are not supported (yet))
  - compilerOptions.paths must not be set (aliased imports are not supported)

[HPM] Proxy created: /ws  ->  ws://127.0.0.1:8080
Starting the development server...


> deploy@0.1.0 frontend /mnt/d/r2/deploy2
> react-app-rewired start

Files successfully emitted, waiting for typecheck results...
Compiling...
The following changes are being made to your tsconfig.json file:
  - compilerOptions.baseUrl must not be set (absolute imports are not supported (yet))
  - compilerOptions.paths must not be set (aliased imports are not supported)

[HPM] Proxy created: /ws  ->  ws://127.0.0.1:8080
Starting the development server...

Files successfully emitted, waiting for typecheck results...
Compiled successfully!

You can now view deploy in the browser.

  http://localhost:3000/

Note that the development build is not optimized.
To create a production build, use yarn build.

Files successfully emitted, waiting for typecheck results...
Compiled successfully!

You can now view deploy in the browser.

  http://localhost:3000/

Note that the development build is not optimized.
To create a production build, use yarn build.


> deploy@0.1.0 frontend /mnt/d/r2/deploy2
> react-app-rewired start

The following changes are being made to your tsconfig.json file:
  - compilerOptions.baseUrl must not be set (absolute imports are not supported (yet))
  - compilerOptions.paths must not be set (aliased imports are not supported)

[HPM] Proxy created: /ws  ->  ws://127.0.0.1:8080
Starting the development server...


> deploy@0.1.0 frontend /mnt/d/r2/deploy2
> react-app-rewired start

The following changes are being made to your tsconfig.json file:
  - compilerOptions.baseUrl must not be set (absolute imports are not supported (yet))
  - compilerOptions.paths must not be set (aliased imports are not supported)

[HPM] Proxy created: /ws  ->  ws://127.0.0.1:8080
Starting the development server...

Terminated
Terminated
Terminated
Terminated
Terminated
npm ERR! code ELIFECYCLE
npm ERR! errno 143
npm ERR! code ELIFECYCLE
npm ERR! deploy@0.1.0 frontend: `react-app-rewired start`
npm ERR! Exit status 143
npm ERR! 
npmnpm ERR! Failed at the deploy@0.1.0 frontend script.
npm  ERR!ERR! codenpm This is probably not a problem with npm. There is likely additional logging output above.
 ELIFECYCLE
 ERR! errno 143
npm ERR! errno 143
npm ERR! code ELIFECYCLE
npm ERR! deploy@0.1.0 frontend: `react-app-rewired start`
npmnpm  ERR!ERR! Exit status 143
 deploy@0.1.0 frontend: `react-app-rewired start`
npm ERR! Exit status 143
npmnpm  ERR!ERR! 
npm  
ERR!npmnpm Failed at the deploy@0.1.0 frontend script.
npm   ERR!ERR!ERR! This is probably not a problem with npm. There is likely additional logging output above.
 errno 143
 Failed at the deploy@0.1.0 frontend script.
npm ERR! This is probably not a problem with npm. There is likely additional logging output above.
npm ERR! deploy@0.1.0 frontend: `react-app-rewired start`
npm ERR! Exit status 143
npm ERR! 
npm ERR! Failed at the deploy@0.1.0 frontend script.
npm ERR! This is probably not a problem with npm. There is likely additional logging output above.
npm ERR! code ELIFECYCLE
npm ERR! errno 143
npm ERR! deploy@0.1.0 frontend: `react-app-rewired start`
npm ERR! Exit status 143
npm ERR! 
npm ERR! Failed at the deploy@0.1.0 frontend script.
npm ERR! This is probably not a problem with npm. There is likely additional logging output above.

> deploy@0.1.0 frontend /mnt/d/r2/deploy2
> react-app-rewired start

The following changes are being made to your tsconfig.json file:
  - compilerOptions.baseUrl must not be set (absolute imports are not supported (yet))
  - compilerOptions.paths must not be set (aliased imports are not supported)

[HPM] Proxy created: /ws  ->  ws://127.0.0.1:8080
Starting the development server...

Files successfully emitted, waiting for typecheck results...
Compiled successfully!

You can now view deploy in the browser.

  http://localhost:3000/

Note that the development build is not optimized.
To create a production build, use yarn build.

[HPM] Upgrading to WebSocket
[HPM] Client disconnected
[HPM] Upgrading to WebSocket
[HPM] Client disconnected
[HPM] Upgrading to WebSocket
[HPM] Client disconnected
[HPM] Upgrading to WebSocket
[HPM] Client disconnected
[HPM] Upgrading to WebSocket
[HPM] Client disconnected
[HPM] Upgrading to WebSocket
[HPM] Client disconnected
[HPM] Upgrading to WebSocket
[HPM] Client disconnected
[HPM] Upgrading to WebSocket
[HPM] Client disconnected
[HPM] Upgrading to WebSocket
Compiling...
Compiling...
Compiled successfully!
Files successfully emitted, waiting for typecheck results...
[HPM] Client disconnected
[HPM] Upgrading to WebSocket
Compiling...
Files successfully emitted, waiting for typecheck results...
Compiling...
Compiling...
Files successfully emitted, waiting for typecheck results...
Files successfully emitted, waiting for typecheck results...
Compiling...
Files successfully emitted, waiting for typecheck results...
Compiling...
Compiled successfully!
Compiling...
Files successfully emitted, waiting for typecheck results...
Compiling...
Files successfully emitted, waiting for typecheck results...
Compiling...
Files successfully emitted, waiting for typecheck results...
Files successfully emitted, waiting for typecheck results...
Compiled successfully!
Compiling...
Files successfully emitted, waiting for typecheck results...
[HPM] Client disconnected
Compiled successfully!
[HPM] Upgrading to WebSocket
Compiling...
Files successfully emitted, waiting for typecheck results...
[HPM] Client disconnected
Compiled successfully!
[HPM] Upgrading to WebSocket
Compiling...
Compiling...
Files successfully emitted, waiting for typecheck results...
Compiling...
Compiled successfully!
Compiling...
Files successfully emitted, waiting for typecheck results...
[HPM] Client disconnected
Compiling...
Files successfully emitted, waiting for typecheck results...
Files successfully emitted, waiting for typecheck results...
Compiling...
Compiling...
Files successfully emitted, waiting for typecheck results...
Compiling...
Files successfully emitted, waiting for typecheck results...
Compiling...
Files successfully emitted, waiting for typecheck results...
Files successfully emitted, waiting for typecheck results...
Compiling...
Files successfully emitted, waiting for typecheck results...
Compiling...
Files successfully emitted, waiting for typecheck results...
Compiling...
Files successfully emitted, waiting for typecheck results...
Compiling...
Files successfully emitted, waiting for typecheck results...
Compiling...
Files successfully emitted, waiting for typecheck results...
Files successfully emitted, waiting for typecheck results...
[HPM] Upgrading to WebSocket
Compiling...
Compiling...
Files successfully emitted, waiting for typecheck results...
Files successfully emitted, waiting for typecheck results...
[HPM] Client disconnected
[HPM] Upgrading to WebSocket
Compiling...
Files successfully emitted, waiting for typecheck results...
[HPM] Client disconnected
[HPM] Upgrading to WebSocket
Compiled successfully!
Compiling...
Files successfully emitted, waiting for typecheck results...
[HPM] Client disconnected
Compiled successfully!
[HPM] Upgrading to WebSocket
Compiling...
Compiling...
Compiled successfully!
Compiled successfully!
[HPM] Client disconnected
Compiling...
Files successfully emitted, waiting for typecheck results...
[HPM] Upgrading to WebSocket
Compiled successfully!
Compiling...
Compiling...
Compiled successfully!
Compiled successfully!
[HPM] Client disconnected
[HPM] Upgrading to WebSocket
Compiling...
Compiled successfully!
Compiling...
Compiled successfully!
[HPM] Client disconnected
Compiling...
Files successfully emitted, waiting for typecheck results...
Compiled successfully!
[HPM] Upgrading to WebSocket
Compiling...
Compiled successfully!
[HPM] Client disconnected
[HPM] Upgrading to WebSocket
Compiling...
Files successfully emitted, waiting for typecheck results...
[HPM] Client disconnected
Compiled successfully!
[HPM] Upgrading to WebSocket
Compiling...
Files successfully emitted, waiting for typecheck results...
[HPM] Client disconnected
Compiled successfully!
[HPM] Upgrading to WebSocket
Compiling...
Compiled successfully!
Compiling...
Compiled successfully!
Compiling...
Compiled successfully!
Compiling...
Files successfully emitted, waiting for typecheck results...
Compiled successfully!
[HPM] Client disconnected
[HPM] Upgrading to WebSocket
Compiling...
Files successfully emitted, waiting for typecheck results...
[HPM] Client disconnected
Compiled successfully!
[HPM] Upgrading to WebSocket
[HPM] Client disconnected
[HPM] Upgrading to WebSocket
Compiling...
Files successfully emitted, waiting for typecheck results...
Compiled successfully!
[HPM] Client disconnected
[HPM] Upgrading to WebSocket
Compiling...
Failed to compile.

./src/components/Data/Connect/index.js
SyntaxError: /mnt/d/r2/deploy2/src/components/Data/Connect/index.js: JSX value should be either an expression or a quoted JSX text (291:24)

  289 |           <span>{EN.Pleasechooseadata}</span>
  290 |           <label className={styles.chooseCharset}>{EN.choosecharset}</label>
> 291 |           <Select width=100 dropdownClassName={styles.charsets} defaultValue='utf-8'>
      |                         ^
  292 |             <Option value='utf-8'>{EN.UTF_8}</Option>
  293 |             <Option value='utf-16'>{EN.UTF_16}</Option>
  294 |             <Option value='gbk'>{EN.GBK}</Option>
Compiling...
Compiling...
Failed to compile.

/mnt/d/r2/deploy2/src/components/Data/Connect/index.js
TypeScript error: '{' expected.  TS1005

    289 |           <span>{EN.Pleasechooseadata}</span>
    290 |           <label className={styles.chooseCharset}>{EN.choosecharset}</label>
  > 291 |           <Select style={{width: '10rem'}} defaultValue='utf-8'>
        |                         ^
    292 |             <Option value='utf-8'>{EN.UTF_8}</Option>
    293 |             <Option value='utf-16'>{EN.UTF_16}</Option>
    294 |             <Option value='gbk'>{EN.GBK}</Option>
Files successfully emitted, waiting for typecheck results...
[HPM] Client disconnected
Compiled successfully!
[HPM] Upgrading to WebSocket
Compiling...
Files successfully emitted, waiting for typecheck results...
[HPM] Client disconnected
Compiled successfully!
[HPM] Upgrading to WebSocket
Compiling...
Compiled successfully!
[HPM] Client disconnected
[HPM] Upgrading to WebSocket
Compiling...
Compiling...
Files successfully emitted, waiting for typecheck results...
Compiled successfully!
[HPM] Client disconnected
[HPM] Upgrading to WebSocket
Compiling...
Files successfully emitted, waiting for typecheck results...
[HPM] Client disconnected
Compiled successfully!
[HPM] Upgrading to WebSocket
Compiling...
Files successfully emitted, waiting for typecheck results...
[HPM] Client disconnected
Compiled successfully!
[HPM] Upgrading to WebSocket
Compiling...
Failed to compile.

./src/components/Data/Connect/index.js
SyntaxError: /mnt/d/r2/deploy2/src/components/Data/Connect/index.js: JSX value should be either an expression or a quoted JSX text (294:67)

  292 |           <span>{EN.Pleasechooseadata}</span>
  293 |           <label className={styles.chooseCharset}>{EN.choosecharset}</label>
> 294 |           <Select style={{width: '8rem'}} value={charset} onChange=charsetChange>
      |                                                                    ^
  295 |             <Option value='utf-8'>{EN.UTF_8}</Option>
  296 |             <Option value='utf-16'>{EN.UTF_16}</Option>
  297 |             <Option value='gbk'>{EN.GBK}</Option>
Compiling...
Files successfully emitted, waiting for typecheck results...
[HPM] Client disconnected
Compiled successfully!
[HPM] Upgrading to WebSocket
Compiling...
Files successfully emitted, waiting for typecheck results...
[HPM] Client disconnected
Compiled successfully!
[HPM] Upgrading to WebSocket
Compiling...
Files successfully emitted, waiting for typecheck results...
[HPM] Client disconnected
Compiled successfully!
[HPM] Upgrading to WebSocket
Compiling...
Files successfully emitted, waiting for typecheck results...
[HPM] Client disconnected
Failed to compile.

/mnt/d/r2/deploy2/src/components/Common/EsUploader/upload.ts
TypeScript error: Cannot find name 'charset'.  TS2304

    30 |     chunkSize,
    31 |     skipEmptyLines: true,
  > 32 |     encoding: charset || 'utf-8',
       |               ^
    33 |     chunk: async (result, parser) => {
    34 |       if(!header) {
    35 |         header = result.data[0]
[HPM] Upgrading to WebSocket
Compiling...
Files successfully emitted, waiting for typecheck results...
[HPM] Client disconnected
[HPM] Upgrading to WebSocket
Compiled successfully!
Compiling...
Files successfully emitted, waiting for typecheck results...
[HPM] Client disconnected
Compiling...
Files successfully emitted, waiting for typecheck results...
Compiling...
[HPM] Upgrading to WebSocket
Compiling...
Files successfully emitted, waiting for typecheck results...
Files successfully emitted, waiting for typecheck results...
Compiling...
Files successfully emitted, waiting for typecheck results...
Compiling...
Files successfully emitted, waiting for typecheck results...
Compiling...
[HPM] Client disconnected
Files successfully emitted, waiting for typecheck results...
Compiling...
Files successfully emitted, waiting for typecheck results...
Compiling...
Files successfully emitted, waiting for typecheck results...
[HPM] Upgrading to WebSocket
Compiled successfully!
Compiling...
Files successfully emitted, waiting for typecheck results...
[HPM] Client disconnected
Compiled successfully!
[HPM] Upgrading to WebSocket
[HPM] Upgrading to WebSocket
[HPM] Client disconnected

> deploy@0.1.0 frontend /mnt/d/r2/deploy2
> react-app-rewired start

The following changes are being made to your tsconfig.json file:
  - compilerOptions.baseUrl must not be set (absolute imports are not supported (yet))
  - compilerOptions.paths must not be set (aliased imports are not supported)

[HPM] Proxy created: /ws  ->  ws://127.0.0.1:8080
Starting the development server...

Files successfully emitted, waiting for typecheck results...
Compiling...
Files successfully emitted, waiting for typecheck results...
Compiling...
Files successfully emitted, waiting for typecheck results...
[HPM] Upgrading to WebSocket
Compiling...
Files successfully emitted, waiting for typecheck results...
Compiling...
Files successfully emitted, waiting for typecheck results...
Compiling...
Compiling...
Files successfully emitted, waiting for typecheck results...
Compiling...
Files successfully emitted, waiting for typecheck results...
Files successfully emitted, waiting for typecheck results...
Compiling...
Files successfully emitted, waiting for typecheck results...
Compiled successfully!

You can now view deploy in the browser.

  http://localhost:3000/

Note that the development build is not optimized.
To create a production build, use yarn build.

Compiling...
Files successfully emitted, waiting for typecheck results...
[HPM] Client disconnected
[HPM] Upgrading to WebSocket
Compiled successfully!
Compiling...
Files successfully emitted, waiting for typecheck results...
[HPM] Client disconnected
Compiled successfully!
[HPM] Upgrading to WebSocket
Compiling...
Files successfully emitted, waiting for typecheck results...
Compiled successfully!
Compiling...
Files successfully emitted, waiting for typecheck results...
[HPM] Client disconnected
Compiled successfully!
[HPM] Upgrading to WebSocket
Proxy error: Could not proxy request /etls/r2_14e22957-9885-4379-a85d-e3421f9cbca3/upload from localhost:3000 to http://localhost:8080.
See https://nodejs.org/api/errors.html#errors_common_system_errors for more information (ECONNRESET).

Proxy error: Could not proxy request /etls/r2_14e22957-9885-4379-a85d-e3421f9cbca3/upload from localhost:3000 to http://localhost:8080.
See https://nodejs.org/api/errors.html#errors_common_system_errors for more information (ECONNRESET).

Proxy error: Could not proxy request /etls/r2_14e22957-9885-4379-a85d-e3421f9cbca3/upload from localhost:3000 to http://localhost:8080.
See https://nodejs.org/api/errors.html#errors_common_system_errors for more information (ECONNRESET).

Proxy error: Could not proxy request /etls/r2_14e22957-9885-4379-a85d-e3421f9cbca3/upload from localhost:3000 to http://localhost:8080.
See https://nodejs.org/api/errors.html#errors_common_system_errors for more information (ECONNRESET).

[HPM] Client disconnected
[HPM] Upgrading to WebSocket
Compiling...
Files successfully emitted, waiting for typecheck results...
[HPM] Client disconnected
Compiled successfully!
[HPM] Upgrading to WebSocket
[HPM] Client disconnected
[HPM] Upgrading to WebSocket
[HPM] Client disconnected
[HPM] Upgrading to WebSocket
[HPM] Client disconnected
[HPM] Upgrading to WebSocket
Compiling...
Files successfully emitted, waiting for typecheck results...
[HPM] Client disconnected
Compiled successfully!
[HPM] Upgrading to WebSocket
